
---------------------------------------------
-----------------B2JpsiKstar-----------------
---------------------------------------------

------ Generator level Cut Efficiency -------

0.16049 +/- 0.00043

------ Stripping Efficiency -------

Generated Events:  2.01954e+06
Events after Stripping (not-truthmatched): 306508
Events after Stripping (truthmatched): 306508

=> Effizienz: 0.151771 +/- 0.000252479

------ Preselectionefficiency (Veto on Jpsi and Psi(2S)) -------

Events before Cuts (Truthmatched):  306508
Events after Preselection: 424

=> Effizienz: 0.00138332 +/- 6.71337e-05

------ BDT Efficiency --------

Events before BDT-cut (preselected, truthmatched):  424

Events after Common-cut: 43		Effizienz: 0.101415 +/- 0.0146605
Events after Punzi-cut: 5		Effizienz: 0.0117925 +/- 0.00524256

------ Trigger Efficiency --------

Events after BDT Common-cut (preselected, truthmatched):  43
Events after BDT Punzi-cut (preselected, truthmatched):  5

Events after Common-cut and Triggerrequ.: 39		Effizienz: 0.906977 +/- 0.0442955
Events after Punzi-cut and Triggerrequ: 5		Effizienz: 1 +/- 0

------ Total Efficiency --------

With Common-Cut: (0.000309928 +/- 4.96347e-05) %
With Punzi-Cut: (3.97344e-05 +/- 1.777e-05) %



------ Peaking Background Events after Selection (using controlchannel)-------------

Resonant decays after selection: 4767 +/- 84
Resonant BR: 1.5418e-05 +/- 5.33928e-06	NOTE: Symmetric error for Bs -> f2 Jpsi assumed
Resonant Efficiency (punzi-cut): 0.004258 +/- 0.000186

BR of this decay: 7.9462e-05 +/- 3.62053e-06
fd/fs: 3.861 +/- 0.22361

Punzi-Cut: N(peaking) = 8.85192 +/- 5.06636

