
---------------------------------------------
-----------------B2JpsiKstar-----------------
---------------------------------------------

------ Generator level Cut Efficiency -------

0.16049 +/- 0.00043

------ Stripping Efficiency -------

Generated Events:  2.01954e+06
Events after Stripping (not-truthmatched): 306508
Events after Stripping (truthmatched): 306508

=> Effizienz: 0.151771 +/- 0.000252479

------ Preselectionefficiency (Veto on Jpsi and Psi(2S) and cut on Bs-Mass) -------

Events before Cuts (Truthmatched):  306508
Events after Preselection: 73

=> Effizienz: 0.000238167 +/- 2.7872e-05

------ BDT Efficiency --------

Events before BDT-cut (preselected, truthmatched):  73

Events after Common-cut: 16		Effizienz: 0.219178 +/- 0.0484187
Events after Punzi-cut: 3		Effizienz: 0.0410959 +/- 0.0232341

------ Trigger Efficiency --------

Events after BDT Common-cut (preselected, truthmatched):  16
Events after BDT Punzi-cut (preselected, truthmatched):  3

Events after Common-cut and Triggerrequ.: 16		Effizienz: 1 +/- 0
Events after Punzi-cut and Triggerrequ: 3		Effizienz: 1 +/- 0

------ Total Efficiency --------

With Common-Cut: (0.00012715 +/- 3.17892e-05) %
With Punzi-Cut: (2.38406e-05 +/- 1.37645e-05) %



------ Peaking Background Events after Selection (using controlchannel)-------------

Resonant decays after selection: 4767 +/- 84
Resonant BR: 1.5418e-05 +/- 5.33928e-06	NOTE: Symmetric error for Bs -> f2 Jpsi assumed
Resonant Efficiency (punzi-cut): 0.004258 +/- 0.000186

BR of this decay: 7.9462e-05 +/- 3.62053e-06
fd/fs: 3.861 +/- 0.22361

Punzi-Cut: N(peaking) = 5.31115 +/- 3.60577

