
---------------------------------------------
-----------------B2JpsiKstar-----------------
---------------------------------------------

------ Generator level Cut Efficiency -------

0.16448 +/- 0.00043

------ Stripping Efficiency -------

Generated Events:  413248
Events after Stripping (not-truthmatched): 60805
Events after Stripping (truthmatched): 60805

=> Effizienz: 0.147139 +/- 0.000551059

------ Preselectionefficiency (cut out resonances and cut on Bs-mass) -------

Events before Cuts (Truthmatched):  60805
Events after Preselection: 109

=> Effizienz: 0.00179262 +/- 0.000171547

------ BDT Efficiency --------

Events before BDT-cut (preselected, truthmatched):  109

Events after Common-cut: 34		Effizienz: 0.311927 +/- 0.0443742
Events after Punzi-cut: 11		Effizienz: 0.100917 +/- 0.0288516

------ Trigger Efficiency --------

Events after BDT Common-cut (preselected, truthmatched):  34
Events after BDT Punzi-cut (preselected, truthmatched):  11

Events after Common-cut and Triggerrequ.: 26		Effizienz: 0.764706 +/- 0.0727467
Events after Punzi-cut and Triggerrequ: 10		Effizienz: 0.909091 +/- 0.0866784

------ Total Efficiency --------

With Common-Cut: (0.00103485 +/- 0.000202962) %
With Punzi-Cut: (0.000398018 +/- 0.000125867) %



------ Peaking Background Events after Selection (using controlchannel)-------------

Resonant decays after selection: 4767 +/- 84
Resonant BR: 1.5418e-05 +/- 5.33928e-06	NOTE: Symmetric error for Bs -> f2 Jpsi assumed
Resonant Efficiency (punzi-cut): 0.004258 +/- 0.000186

BR of this decay: 1.06e-06 +/- 1e-07
fd/fs: 3.861 +/- 0.22361

Punzi-Cut: N(peaking) = 1.18282 +/- 0.572665

