--- Factory                  : You are running ROOT Version: 5.34/10, Aug 29, 2013
--- Factory                  : 
--- Factory                  : _/_/_/_/_/ _|      _|  _|      _|    _|_|   
--- Factory                  :    _/      _|_|  _|_|  _|      _|  _|    _| 
--- Factory                  :   _/       _|  _|  _|  _|      _|  _|_|_|_| 
--- Factory                  :  _/        _|      _|    _|  _|    _|    _| 
--- Factory                  : _/         _|      _|      _|      _|    _| 
--- Factory                  : 
--- Factory                  : ___________TMVA Version 4.2.0, Sep 19, 2013
--- Factory                  : 
--- DataSetInfo              : Added class "Signal"	 with internal class number 0
--- Factory                  : Add Tree DecayTree of type Signal with 354724 events
--- DataSetInfo              : Added class "Background"	 with internal class number 1
--- Factory                  : Add Tree DecayTree of type Background with 741233 events
--- DataSetInfo              : Class index : 0  name : Signal
--- DataSetInfo              : Class index : 1  name : Background
--- Factory                  : Booking method: [1mBDT[0m
--- DataSetFactory           : Splitmode is: "RANDOM" the mixmode is: "SAMEASSPLITMODE"
--- DataSetFactory           : Create training and testing trees -- looping over class "Signal" ...
--- DataSetFactory           : Weight expression for class 'Signal': ""
--- DataSetFactory           : Create training and testing trees -- looping over class "Background" ...
--- DataSetFactory           : Weight expression for class 'Background': ""
--- DataSetFactory           : Number of events in input trees (after possible flattening of arrays):
--- DataSetFactory           :     Signal          -- number of events       : 354724  / sum of weights: 354724
--- DataSetFactory           :     Background      -- number of events       : 741233  / sum of weights: 741233
--- DataSetFactory           :     Signal     tree -- total number of entries: 354724
--- DataSetFactory           :     Background tree -- total number of entries: 741233
--- DataSetFactory           : Preselection: (will NOT affect number of requested training and testing events)
--- DataSetFactory           :     No preselection cuts applied on event classes
--- DataSetFactory           : Weight renormalisation mode: "EqualNumEvents": renormalises all event classes ...
--- DataSetFactory           :  such that the effective (weighted) number of events in each class is the same 
--- DataSetFactory           :  (and equals the number of events (entries) given for class=0 )
--- DataSetFactory           : ... i.e. such that Sum[i=1..N_j]{w_i} = N_classA, j=classA, classB, ...
--- DataSetFactory           : ... (note that N_j is the sum of TRAINING events
--- DataSetFactory           :  ..... Testing events are not renormalised nor included in the renormalisation factor!)
--- DataSetFactory           : --> Rescale Signal     event weights by factor: 1
--- DataSetFactory           : --> Rescale Background event weights by factor: 0.47856
--- DataSetFactory           : Number of training and testing events after rescaling:
--- DataSetFactory           : ------------------------------------------------------
--- DataSetFactory           : Signal     -- training events            : 177362 (sum of weights: 177362) - requested were 0 events
--- DataSetFactory           : Signal     -- testing events             : 177362 (sum of weights: 177362) - requested were 0 events
--- DataSetFactory           : Signal     -- training and testing events: 354724 (sum of weights: 354724)
--- DataSetFactory           : Background -- training events            : 370616 (sum of weights: 177362) - requested were 0 events
--- DataSetFactory           : Background -- testing events             : 370616 (sum of weights: 370616) - requested were 0 events
--- DataSetFactory           : Background -- training and testing events: 741232 (sum of weights: 547978)
--- DataSetFactory           : Create internal training tree
--- DataSetFactory           : Create internal testing tree
--- DataSetInfo              : Correlation matrix (Signal):
--- DataSetInfo              : --------------------------------------------------------------------------------------------------------------------------------------------------------------------------------------------------------------------------------------------------------------------------------------------------------------------------------------------------------------------------------------------------------------------------------------------
--- DataSetInfo              :                            B0_PT B0_IPCHI2_OWNPV B0_FDCHI2_OWNPV B0_DIRA_OWNPV B0_ENDVERTEX_CHI2 Kplus_IPCHI2_OWNPV Kminus_IPCHI2_OWNPV muminus_IPCHI2_OWNPV muplus_IPCHI2_OWNPV Kplus_PIDK Kminus_PIDK muminus_PIDmu muplus_PIDmu Kminus_PT Kplus_PT    B0_P Kplus_P Kminus_P phi_1020_PT phi_1020_P phi_1020_ENDVERTEX_CHI2 Kplus_PIDp Kminus_PIDp Kplus_TRACK_CHI2NDOF Kminus_TRACK_CHI2NDOF muplus_TRACK_CHI2NDOF muminus_TRACK_CHI2NDOF
--- DataSetInfo              :                   B0_PT:  +1.000          -0.004          +0.154        +0.157            +0.027             +0.062              +0.061               +0.046              +0.046     -0.025      -0.029        -0.084       -0.080    +0.565   +0.564  +0.488  +0.312   +0.313      +0.715     +0.376                  +0.009     -0.231      -0.230               -0.013                -0.011                -0.013                 -0.009
--- DataSetInfo              :         B0_IPCHI2_OWNPV:  -0.004          +1.000          +0.011        -0.342            +0.083             +0.012              +0.010               +0.011              +0.010     -0.016      -0.018        -0.015       -0.014    -0.003   -0.008  +0.026  +0.012   +0.015      -0.007     +0.016                  +0.026     -0.009      -0.014               +0.022                +0.016                +0.015                 +0.015
--- DataSetInfo              :         B0_FDCHI2_OWNPV:  +0.154          +0.011          +1.000        +0.129            +0.016             +0.432              +0.417               +0.488              +0.515     -0.014      -0.013        -0.012       -0.009    +0.092   +0.099  +0.085  +0.073   +0.070      +0.122     +0.086                  +0.008     -0.056      -0.052               -0.001                -0.001                +0.002                 +0.003
--- DataSetInfo              :           B0_DIRA_OWNPV:  +0.157          -0.342          +0.129        +1.000            -0.043             +0.136              +0.137               +0.150              +0.147     -0.024      -0.029        -0.083       -0.079    +0.085   +0.086  +0.270  +0.178   +0.178      +0.110     +0.214                  -0.015     -0.132      -0.134               -0.007                -0.004                +0.001                 -0.005
--- DataSetInfo              :       B0_ENDVERTEX_CHI2:  +0.027          +0.083          +0.016        -0.043            +1.000             +0.005              +0.006               +0.003              +0.001     -0.018      -0.013        -0.008       -0.008    +0.017   +0.015  -0.003  -0.003   -0.004      +0.020     -0.004                  +0.420     -0.003      -0.003               +0.022                +0.024                +0.024                 +0.025
--- DataSetInfo              :      Kplus_IPCHI2_OWNPV:  +0.062          +0.012          +0.432        +0.136            +0.005             +1.000              +0.236               +0.215              +0.216     +0.039      -0.017        -0.023       -0.020    -0.044   +0.044  +0.001  -0.057   -0.069      +0.001     -0.076                  +0.003     +0.049      +0.039               -0.011                +0.007                -0.002                 +0.001
--- DataSetInfo              :     Kminus_IPCHI2_OWNPV:  +0.061          +0.010          +0.417        +0.137            +0.006             +0.236              +1.000               +0.211              +0.204     -0.015      +0.041        -0.018       -0.022    +0.045   -0.042  -0.006  -0.069   -0.060      +0.003     -0.078                  +0.001     +0.039      +0.049               +0.007                -0.009                -0.001                 -0.001
--- DataSetInfo              :    muminus_IPCHI2_OWNPV:  +0.046          +0.011          +0.488        +0.150            +0.003             +0.215              +0.211               +1.000              +0.203     -0.009      -0.007        +0.080       -0.023    +0.061   +0.061  +0.007  +0.069   +0.070      +0.078     +0.083                  +0.001     -0.054      -0.054               -0.003                -0.003                +0.005                 -0.001
--- DataSetInfo              :     muplus_IPCHI2_OWNPV:  +0.046          +0.010          +0.515        +0.147            +0.001             +0.216              +0.204               +0.203              +1.000     -0.008      -0.008        -0.017       +0.080    +0.059   +0.063  +0.006  +0.068   +0.068      +0.078     +0.081                  -0.001     -0.056      -0.053               -0.003                +0.000                -0.003                 +0.004
--- DataSetInfo              :              Kplus_PIDK:  -0.025          -0.016          -0.014        -0.024            -0.018             +0.039              -0.015               -0.009              -0.008     +1.000      +0.117        +0.070       +0.069    -0.021   +0.009  -0.166  -0.184   -0.106      -0.003     -0.174                  -0.013     +0.364      +0.033               -0.083                -0.035                -0.034                 -0.029
--- DataSetInfo              :             Kminus_PIDK:  -0.029          -0.018          -0.013        -0.029            -0.013             -0.017              +0.041               -0.007              -0.008     +0.117      +1.000        +0.072       +0.066    +0.002   -0.019  -0.170  -0.108   -0.190      -0.005     -0.179                  -0.008     +0.033      +0.360               -0.034                -0.082                -0.035                 -0.035
--- DataSetInfo              :           muminus_PIDmu:  -0.084          -0.015          -0.012        -0.083            -0.008             -0.023              -0.018               +0.080              -0.017     +0.070      +0.072        +1.000       +0.036    -0.011   -0.013  -0.206  -0.090   -0.088      -0.014     -0.107                  -0.002     +0.052      +0.053               -0.015                -0.022                -0.022                 -0.009
--- DataSetInfo              :            muplus_PIDmu:  -0.080          -0.014          -0.009        -0.079            -0.008             -0.020              -0.022               -0.023              +0.080     +0.069      +0.066        +0.036       +1.000    -0.013   -0.010  -0.203  -0.088   -0.089      -0.013     -0.106                  -0.003     +0.057      +0.056               -0.015                -0.014                -0.011                 -0.021
--- DataSetInfo              :               Kminus_PT:  +0.565          -0.003          +0.092        +0.085            +0.017             -0.044              +0.045               +0.061              +0.059     -0.021      +0.002        -0.011       -0.013    +1.000   +0.250  +0.287  +0.121   +0.655      +0.791     +0.466                  +0.004     -0.087      -0.455               +0.003                -0.046                +0.010                 +0.009
--- DataSetInfo              :                Kplus_PT:  +0.564          -0.008          +0.099        +0.086            +0.015             +0.044              -0.042               +0.061              +0.063     +0.009      -0.019        -0.013       -0.010    +0.250   +1.000  +0.290  +0.656   +0.122      +0.787     +0.467                  +0.008     -0.457      -0.083               -0.048                +0.003                +0.012                 +0.006
--- DataSetInfo              :                    B0_P:  +0.488          +0.026          +0.085        +0.270            -0.003             +0.001              -0.006               +0.007              +0.006     -0.166      -0.170        -0.206       -0.203    +0.287   +0.290  +1.000  +0.660   +0.659      +0.365     +0.792                  +0.005     -0.351      -0.352               +0.000                +0.001                +0.011                 +0.002
--- DataSetInfo              :                 Kplus_P:  +0.312          +0.012          +0.073        +0.178            -0.003             -0.057              -0.069               +0.069              +0.068     -0.184      -0.108        -0.090       -0.088    +0.121   +0.656  +0.660  +1.000   +0.386      +0.490     +0.832                  +0.007     -0.534      -0.200               -0.022                +0.008                +0.019                 +0.006
--- DataSetInfo              :                Kminus_P:  +0.313          +0.015          +0.070        +0.178            -0.004             -0.069              -0.060               +0.070              +0.068     -0.106      -0.190        -0.088       -0.089    +0.655   +0.122  +0.659  +0.386   +1.000      +0.493     +0.833                  +0.001     -0.200      -0.534               +0.007                -0.022                +0.015                 +0.009
--- DataSetInfo              :             phi_1020_PT:  +0.715          -0.007          +0.122        +0.110            +0.020             +0.001              +0.003               +0.078              +0.078     -0.003      -0.005        -0.014       -0.013    +0.791   +0.787  +0.365  +0.490   +0.493      +1.000     +0.591                  +0.007     -0.345      -0.343               -0.029                -0.028                +0.014                 +0.009
--- DataSetInfo              :              phi_1020_P:  +0.376          +0.016          +0.086        +0.214            -0.004             -0.076              -0.078               +0.083              +0.081     -0.174      -0.179        -0.107       -0.106    +0.466   +0.467  +0.792  +0.832   +0.833      +0.591     +1.000                  +0.005     -0.440      -0.441               -0.009                -0.009                +0.020                 +0.009
--- DataSetInfo              : phi_1020_ENDVERTEX_CHI2:  +0.009          +0.026          +0.008        -0.015            +0.420             +0.003              +0.001               +0.001              -0.001     -0.013      -0.008        -0.002       -0.003    +0.004   +0.008  +0.005  +0.007   +0.001      +0.007     +0.005                  +1.000     -0.007      -0.003               +0.014                +0.017                +0.006                 +0.001
--- DataSetInfo              :              Kplus_PIDp:  -0.231          -0.009          -0.056        -0.132            -0.003             +0.049              +0.039               -0.054              -0.056     +0.364      +0.033        +0.052       +0.057    -0.087   -0.457  -0.351  -0.534   -0.200      -0.345     -0.440                  -0.007     +1.000      +0.108               +0.011                -0.010                -0.013                 -0.007
--- DataSetInfo              :             Kminus_PIDp:  -0.230          -0.014          -0.052        -0.134            -0.003             +0.039              +0.049               -0.054              -0.053     +0.033      +0.360        +0.053       +0.056    -0.455   -0.083  -0.352  -0.200   -0.534      -0.343     -0.441                  -0.003     +0.108      +1.000               -0.008                +0.010                -0.014                 -0.014
--- DataSetInfo              :    Kplus_TRACK_CHI2NDOF:  -0.013          +0.022          -0.001        -0.007            +0.022             -0.011              +0.007               -0.003              -0.003     -0.083      -0.034        -0.015       -0.015    +0.003   -0.048  +0.000  -0.022   +0.007      -0.029     -0.009                  +0.014     +0.011      -0.008               +1.000                +0.022                +0.018                 +0.019
--- DataSetInfo              :   Kminus_TRACK_CHI2NDOF:  -0.011          +0.016          -0.001        -0.004            +0.024             +0.007              -0.009               -0.003              +0.000     -0.035      -0.082        -0.022       -0.014    -0.046   +0.003  +0.001  +0.008   -0.022      -0.028     -0.009                  +0.017     -0.010      +0.010               +0.022                +1.000                +0.021                 +0.019
--- DataSetInfo              :   muplus_TRACK_CHI2NDOF:  -0.013          +0.015          +0.002        +0.001            +0.024             -0.002              -0.001               +0.005              -0.003     -0.034      -0.035        -0.022       -0.011    +0.010   +0.012  +0.011  +0.019   +0.015      +0.014     +0.020                  +0.006     -0.013      -0.014               +0.018                +0.021                +1.000                 +0.018
--- DataSetInfo              :  muminus_TRACK_CHI2NDOF:  -0.009          +0.015          +0.003        -0.005            +0.025             +0.001              -0.001               -0.001              +0.004     -0.029      -0.035        -0.009       -0.021    +0.009   +0.006  +0.002  +0.006   +0.009      +0.009     +0.009                  +0.001     -0.007      -0.014               +0.019                +0.019                +0.018                 +1.000
--- DataSetInfo              : --------------------------------------------------------------------------------------------------------------------------------------------------------------------------------------------------------------------------------------------------------------------------------------------------------------------------------------------------------------------------------------------------------------------------------------------
--- DataSetInfo              : Correlation matrix (Background):
--- DataSetInfo              : --------------------------------------------------------------------------------------------------------------------------------------------------------------------------------------------------------------------------------------------------------------------------------------------------------------------------------------------------------------------------------------------------------------------------------------------
--- DataSetInfo              :                            B0_PT B0_IPCHI2_OWNPV B0_FDCHI2_OWNPV B0_DIRA_OWNPV B0_ENDVERTEX_CHI2 Kplus_IPCHI2_OWNPV Kminus_IPCHI2_OWNPV muminus_IPCHI2_OWNPV muplus_IPCHI2_OWNPV Kplus_PIDK Kminus_PIDK muminus_PIDmu muplus_PIDmu Kminus_PT Kplus_PT    B0_P Kplus_P Kminus_P phi_1020_PT phi_1020_P phi_1020_ENDVERTEX_CHI2 Kplus_PIDp Kminus_PIDp Kplus_TRACK_CHI2NDOF Kminus_TRACK_CHI2NDOF muplus_TRACK_CHI2NDOF muminus_TRACK_CHI2NDOF
--- DataSetInfo              :                   B0_PT:  +1.000          +0.083          -0.040        +0.124            -0.068             +0.035              +0.057               -0.003              +0.001     +0.063      +0.058        +0.002       +0.001    +0.426   +0.452  +0.409  +0.199   +0.181      +0.585     +0.246                  -0.048     +0.030      +0.028               -0.016                -0.013                +0.022                 +0.026
--- DataSetInfo              :         B0_IPCHI2_OWNPV:  +0.083          +1.000          +0.033        -0.252            -0.026             +0.020              +0.040               +0.056              +0.057     +0.001      -0.003        -0.008       -0.004    +0.011   +0.011  +0.221  +0.063   +0.065      +0.026     +0.083                  -0.028     -0.018      -0.021               -0.011                -0.009                -0.040                 -0.041
--- DataSetInfo              :         B0_FDCHI2_OWNPV:  -0.040          +0.033          +1.000        +0.073            -0.006             +0.379              +0.126               +0.283              +0.381     +0.001      +0.001        -0.009       -0.007    -0.005   -0.003  -0.023  -0.005   -0.007      -0.006     -0.008                  -0.000     +0.002      +0.002               +0.009                +0.010                +0.015                 +0.016
--- DataSetInfo              :           B0_DIRA_OWNPV:  +0.124          -0.252          +0.073        +1.000            -0.070             +0.043              +0.072               +0.082              +0.074     +0.026      +0.025        -0.016       -0.018    +0.031   +0.030  +0.254  +0.071   +0.070      +0.052     +0.091                  -0.028     +0.002      +0.002               -0.008                -0.008                -0.036                 -0.033
--- DataSetInfo              :       B0_ENDVERTEX_CHI2:  -0.068          -0.026          -0.006        -0.070            +1.000             -0.027              -0.043               -0.054              -0.050     -0.020      -0.017        +0.021       +0.020    -0.056   -0.051  -0.030  -0.003   -0.005      -0.068     -0.005                  +0.187     -0.017      -0.017               +0.041                +0.041                +0.004                 +0.003
--- DataSetInfo              :      Kplus_IPCHI2_OWNPV:  +0.035          +0.020          +0.379        +0.043            -0.027             +1.000              +0.096               +0.100              +0.116     +0.035      +0.012        -0.007       -0.010    -0.007   +0.055  +0.012  -0.005   -0.016      +0.033     -0.013                  -0.016     +0.035      +0.013               -0.002                +0.008                -0.000                 +0.002
--- DataSetInfo              :     Kminus_IPCHI2_OWNPV:  +0.057          +0.040          +0.126        +0.072            -0.043             +0.096              +1.000               +0.113              +0.128     +0.023      +0.058        -0.015       -0.010    +0.096   -0.009  +0.022  -0.025   -0.010      +0.053     -0.023                  -0.027     +0.023      +0.057               +0.009                -0.004                -0.000                 -0.004
--- DataSetInfo              :    muminus_IPCHI2_OWNPV:  -0.003          +0.056          +0.283        +0.082            -0.054             +0.100              +0.113               +1.000              +0.283     -0.002      -0.001        +0.050       -0.023    -0.009   -0.003  -0.024  +0.010   +0.008      +0.001     +0.011                  -0.021     -0.008      -0.007               -0.007                -0.009                -0.029                 +0.041
--- DataSetInfo              :     muplus_IPCHI2_OWNPV:  +0.001          +0.057          +0.381        +0.074            -0.050             +0.116              +0.128               +0.283              +1.000     +0.001      -0.004        -0.021       +0.049    -0.002   -0.001  -0.021  +0.010   +0.011      +0.005     +0.014                  -0.018     -0.005      -0.009               -0.008                -0.008                +0.032                 -0.022
--- DataSetInfo              :              Kplus_PIDK:  +0.063          +0.001          +0.001        +0.026            -0.020             +0.035              +0.023               -0.002              +0.001     +1.000      +0.044        -0.023       +0.004    +0.007   +0.064  -0.010  +0.009   -0.012      +0.056     -0.001                  -0.006     +0.893      +0.055               +0.069                +0.026                -0.003                 +0.025
--- DataSetInfo              :             Kminus_PIDK:  +0.058          -0.003          +0.001        +0.025            -0.017             +0.012              +0.058               -0.001              -0.004     +0.044      +1.000        +0.001       -0.024    +0.067   +0.008  -0.014  -0.010   +0.005      +0.054     -0.003                  -0.003     +0.056      +0.894               +0.026                +0.076                +0.027                 +0.004
--- DataSetInfo              :           muminus_PIDmu:  +0.002          -0.008          -0.009        -0.016            +0.021             -0.007              -0.015               +0.050              -0.021     -0.023      +0.001        +1.000       +0.037    -0.028   -0.022  -0.061  -0.024   -0.026      -0.027     -0.032                  +0.005     -0.023      -0.005               -0.017                -0.020                -0.044                 -0.068
--- DataSetInfo              :            muplus_PIDmu:  +0.001          -0.004          -0.007        -0.018            +0.020             -0.010              -0.010               -0.023              +0.049     +0.004      -0.024        +0.037       +1.000    -0.028   -0.027  -0.056  -0.022   -0.026      -0.029     -0.031                  +0.003     -0.003      -0.024               -0.018                -0.020                -0.072                 -0.047
--- DataSetInfo              :               Kminus_PT:  +0.426          +0.011          -0.005        +0.031            -0.056             -0.007              +0.096               -0.009              -0.002     +0.007      +0.067        -0.028       -0.028    +1.000   +0.227  +0.226  +0.112   +0.681      +0.733     +0.508                  -0.056     -0.001      -0.016               -0.005                -0.143                +0.042                 +0.045
--- DataSetInfo              :                Kplus_PT:  +0.452          +0.011          -0.003        +0.030            -0.051             +0.055              -0.009               -0.003              -0.001     +0.064      +0.008        -0.022       -0.027    +0.227   +1.000  +0.225  +0.670   +0.102      +0.791     +0.503                  -0.049     -0.011      +0.003               -0.121                -0.001                +0.040                 +0.041
--- DataSetInfo              :                    B0_P:  +0.409          +0.221          -0.023        +0.254            -0.030             +0.012              +0.022               -0.024              -0.021     -0.010      -0.014        -0.061       -0.056    +0.226   +0.225  +1.000  +0.434   +0.435      +0.287     +0.562                  -0.040     -0.077      -0.080               -0.076                -0.076                -0.115                 -0.108
--- DataSetInfo              :                 Kplus_P:  +0.199          +0.063          -0.005        +0.071            -0.003             -0.005              -0.025               +0.010              +0.010     +0.009      -0.010        -0.024       -0.022    +0.112   +0.670  +0.434  +1.000   +0.196      +0.497     +0.779                  -0.025     -0.100      -0.031               -0.165                -0.023                -0.006                 -0.006
--- DataSetInfo              :                Kminus_P:  +0.181          +0.065          -0.007        +0.070            -0.005             -0.016              -0.010               +0.008              +0.011     -0.012      +0.005        -0.026       -0.026    +0.681   +0.102  +0.435  +0.196   +1.000      +0.455     +0.767                  -0.025     -0.034      -0.107               -0.024                -0.175                -0.012                 -0.002
--- DataSetInfo              :             phi_1020_PT:  +0.585          +0.026          -0.006        +0.052            -0.068             +0.033              +0.053               +0.001              +0.005     +0.056      +0.054        -0.027       -0.029    +0.733   +0.791  +0.287  +0.497   +0.455      +1.000     +0.616                  -0.066     -0.000      -0.000               -0.076                -0.077                +0.049                 +0.050
--- DataSetInfo              :              phi_1020_P:  +0.246          +0.083          -0.008        +0.091            -0.005             -0.013              -0.023               +0.011              +0.014     -0.001      -0.003        -0.032       -0.031    +0.508   +0.503  +0.562  +0.779   +0.767      +0.616     +1.000                  -0.032     -0.087      -0.088               -0.123                -0.127                -0.012                 -0.006
--- DataSetInfo              : phi_1020_ENDVERTEX_CHI2:  -0.048          -0.028          -0.000        -0.028            +0.187             -0.016              -0.027               -0.021              -0.018     -0.006      -0.003        +0.005       +0.003    -0.056   -0.049  -0.040  -0.025   -0.025      -0.066     -0.032                  +1.000     -0.004      -0.002               +0.042                +0.042                +0.006                 +0.004
--- DataSetInfo              :              Kplus_PIDp:  +0.030          -0.018          +0.002        +0.002            -0.017             +0.035              +0.023               -0.008              -0.005     +0.893      +0.056        -0.023       -0.003    -0.001   -0.011  -0.077  -0.100   -0.034      -0.000     -0.087                  -0.004     +1.000      +0.071               +0.113                +0.031                +0.012                 +0.031
--- DataSetInfo              :             Kminus_PIDp:  +0.028          -0.021          +0.002        +0.002            -0.017             +0.013              +0.057               -0.007              -0.009     +0.055      +0.894        -0.005       -0.024    -0.016   +0.003  -0.080  -0.031   -0.107      -0.000     -0.088                  -0.002     +0.071      +1.000               +0.031                +0.118                +0.036                 +0.018
--- DataSetInfo              :    Kplus_TRACK_CHI2NDOF:  -0.016          -0.011          +0.009        -0.008            +0.041             -0.002              +0.009               -0.007              -0.008     +0.069      +0.026        -0.017       -0.018    -0.005   -0.121  -0.076  -0.165   -0.024      -0.076     -0.123                  +0.042     +0.113      +0.031               +1.000                +0.036                +0.029                 +0.031
--- DataSetInfo              :   Kminus_TRACK_CHI2NDOF:  -0.013          -0.009          +0.010        -0.008            +0.041             +0.008              -0.004               -0.009              -0.008     +0.026      +0.076        -0.020       -0.020    -0.143   -0.001  -0.076  -0.023   -0.175      -0.077     -0.127                  +0.042     +0.031      +0.118               +0.036                +1.000                +0.030                 +0.033
--- DataSetInfo              :   muplus_TRACK_CHI2NDOF:  +0.022          -0.040          +0.015        -0.036            +0.004             -0.000              -0.000               -0.029              +0.032     -0.003      +0.027        -0.044       -0.072    +0.042   +0.040  -0.115  -0.006   -0.012      +0.049     -0.012                  +0.006     +0.012      +0.036               +0.029                +0.030                +1.000                 +0.032
--- DataSetInfo              :  muminus_TRACK_CHI2NDOF:  +0.026          -0.041          +0.016        -0.033            +0.003             +0.002              -0.004               +0.041              -0.022     +0.025      +0.004        -0.068       -0.047    +0.045   +0.041  -0.108  -0.006   -0.002      +0.050     -0.006                  +0.004     +0.031      +0.018               +0.031                +0.033                +0.032                 +1.000
--- DataSetInfo              : --------------------------------------------------------------------------------------------------------------------------------------------------------------------------------------------------------------------------------------------------------------------------------------------------------------------------------------------------------------------------------------------------------------------------------------------
--- DataSetFactory           :  
--- Factory                  : 
--- Factory                  : current transformation string: 'I'
--- Factory                  : Create Transformation "I" with events from all classes.
--- Id                       : Transformation, Variable selection : 
--- Id                       : Input : variable 'B0_PT' (index=0).   <---> Output : variable 'B0_PT' (index=0).
--- Id                       : Input : variable 'B0_IPCHI2_OWNPV' (index=1).   <---> Output : variable 'B0_IPCHI2_OWNPV' (index=1).
--- Id                       : Input : variable 'B0_FDCHI2_OWNPV' (index=2).   <---> Output : variable 'B0_FDCHI2_OWNPV' (index=2).
--- Id                       : Input : variable 'B0_DIRA_OWNPV' (index=3).   <---> Output : variable 'B0_DIRA_OWNPV' (index=3).
--- Id                       : Input : variable 'B0_ENDVERTEX_CHI2' (index=4).   <---> Output : variable 'B0_ENDVERTEX_CHI2' (index=4).
--- Id                       : Input : variable 'Kplus_IPCHI2_OWNPV' (index=5).   <---> Output : variable 'Kplus_IPCHI2_OWNPV' (index=5).
--- Id                       : Input : variable 'Kminus_IPCHI2_OWNPV' (index=6).   <---> Output : variable 'Kminus_IPCHI2_OWNPV' (index=6).
--- Id                       : Input : variable 'muminus_IPCHI2_OWNPV' (index=7).   <---> Output : variable 'muminus_IPCHI2_OWNPV' (index=7).
--- Id                       : Input : variable 'muplus_IPCHI2_OWNPV' (index=8).   <---> Output : variable 'muplus_IPCHI2_OWNPV' (index=8).
--- Id                       : Input : variable 'Kplus_PIDK' (index=9).   <---> Output : variable 'Kplus_PIDK' (index=9).
--- Id                       : Input : variable 'Kminus_PIDK' (index=10).   <---> Output : variable 'Kminus_PIDK' (index=10).
--- Id                       : Input : variable 'muminus_PIDmu' (index=11).   <---> Output : variable 'muminus_PIDmu' (index=11).
--- Id                       : Input : variable 'muplus_PIDmu' (index=12).   <---> Output : variable 'muplus_PIDmu' (index=12).
--- Id                       : Input : variable 'Kminus_PT' (index=13).   <---> Output : variable 'Kminus_PT' (index=13).
--- Id                       : Input : variable 'Kplus_PT' (index=14).   <---> Output : variable 'Kplus_PT' (index=14).
--- Id                       : Input : variable 'B0_P' (index=15).   <---> Output : variable 'B0_P' (index=15).
--- Id                       : Input : variable 'Kplus_P' (index=16).   <---> Output : variable 'Kplus_P' (index=16).
--- Id                       : Input : variable 'Kminus_P' (index=17).   <---> Output : variable 'Kminus_P' (index=17).
--- Id                       : Input : variable 'phi_1020_PT' (index=18).   <---> Output : variable 'phi_1020_PT' (index=18).
--- Id                       : Input : variable 'phi_1020_P' (index=19).   <---> Output : variable 'phi_1020_P' (index=19).
--- Id                       : Input : variable 'phi_1020_ENDVERTEX_CHI2' (index=20).   <---> Output : variable 'phi_1020_ENDVERTEX_CHI2' (index=20).
--- Id                       : Input : variable 'Kplus_PIDp' (index=21).   <---> Output : variable 'Kplus_PIDp' (index=21).
--- Id                       : Input : variable 'Kminus_PIDp' (index=22).   <---> Output : variable 'Kminus_PIDp' (index=22).
--- Id                       : Input : variable 'Kplus_TRACK_CHI2NDOF' (index=23).   <---> Output : variable 'Kplus_TRACK_CHI2NDOF' (index=23).
--- Id                       : Input : variable 'Kminus_TRACK_CHI2NDOF' (index=24).   <---> Output : variable 'Kminus_TRACK_CHI2NDOF' (index=24).
--- Id                       : Input : variable 'muplus_TRACK_CHI2NDOF' (index=25).   <---> Output : variable 'muplus_TRACK_CHI2NDOF' (index=25).
--- Id                       : Input : variable 'muminus_TRACK_CHI2NDOF' (index=26).   <---> Output : variable 'muminus_TRACK_CHI2NDOF' (index=26).
--- Factory                  : 
--- Factory                  : current transformation string: 'G'
--- Factory                  : Create Transformation "G" with events from all classes.
--- Gauss                    : Transformation, Variable selection : 
--- Gauss                    : Input : variable 'B0_PT' (index=0).   <---> Output : variable 'B0_PT' (index=0).
--- Gauss                    : Input : variable 'B0_IPCHI2_OWNPV' (index=1).   <---> Output : variable 'B0_IPCHI2_OWNPV' (index=1).
--- Gauss                    : Input : variable 'B0_FDCHI2_OWNPV' (index=2).   <---> Output : variable 'B0_FDCHI2_OWNPV' (index=2).
--- Gauss                    : Input : variable 'B0_DIRA_OWNPV' (index=3).   <---> Output : variable 'B0_DIRA_OWNPV' (index=3).
--- Gauss                    : Input : variable 'B0_ENDVERTEX_CHI2' (index=4).   <---> Output : variable 'B0_ENDVERTEX_CHI2' (index=4).
--- Gauss                    : Input : variable 'Kplus_IPCHI2_OWNPV' (index=5).   <---> Output : variable 'Kplus_IPCHI2_OWNPV' (index=5).
--- Gauss                    : Input : variable 'Kminus_IPCHI2_OWNPV' (index=6).   <---> Output : variable 'Kminus_IPCHI2_OWNPV' (index=6).
--- Gauss                    : Input : variable 'muminus_IPCHI2_OWNPV' (index=7).   <---> Output : variable 'muminus_IPCHI2_OWNPV' (index=7).
--- Gauss                    : Input : variable 'muplus_IPCHI2_OWNPV' (index=8).   <---> Output : variable 'muplus_IPCHI2_OWNPV' (index=8).
--- Gauss                    : Input : variable 'Kplus_PIDK' (index=9).   <---> Output : variable 'Kplus_PIDK' (index=9).
--- Gauss                    : Input : variable 'Kminus_PIDK' (index=10).   <---> Output : variable 'Kminus_PIDK' (index=10).
--- Gauss                    : Input : variable 'muminus_PIDmu' (index=11).   <---> Output : variable 'muminus_PIDmu' (index=11).
--- Gauss                    : Input : variable 'muplus_PIDmu' (index=12).   <---> Output : variable 'muplus_PIDmu' (index=12).
--- Gauss                    : Input : variable 'Kminus_PT' (index=13).   <---> Output : variable 'Kminus_PT' (index=13).
--- Gauss                    : Input : variable 'Kplus_PT' (index=14).   <---> Output : variable 'Kplus_PT' (index=14).
--- Gauss                    : Input : variable 'B0_P' (index=15).   <---> Output : variable 'B0_P' (index=15).
--- Gauss                    : Input : variable 'Kplus_P' (index=16).   <---> Output : variable 'Kplus_P' (index=16).
--- Gauss                    : Input : variable 'Kminus_P' (index=17).   <---> Output : variable 'Kminus_P' (index=17).
--- Gauss                    : Input : variable 'phi_1020_PT' (index=18).   <---> Output : variable 'phi_1020_PT' (index=18).
--- Gauss                    : Input : variable 'phi_1020_P' (index=19).   <---> Output : variable 'phi_1020_P' (index=19).
--- Gauss                    : Input : variable 'phi_1020_ENDVERTEX_CHI2' (index=20).   <---> Output : variable 'phi_1020_ENDVERTEX_CHI2' (index=20).
--- Gauss                    : Input : variable 'Kplus_PIDp' (index=21).   <---> Output : variable 'Kplus_PIDp' (index=21).
--- Gauss                    : Input : variable 'Kminus_PIDp' (index=22).   <---> Output : variable 'Kminus_PIDp' (index=22).
--- Gauss                    : Input : variable 'Kplus_TRACK_CHI2NDOF' (index=23).   <---> Output : variable 'Kplus_TRACK_CHI2NDOF' (index=23).
--- Gauss                    : Input : variable 'Kminus_TRACK_CHI2NDOF' (index=24).   <---> Output : variable 'Kminus_TRACK_CHI2NDOF' (index=24).
--- Gauss                    : Input : variable 'muplus_TRACK_CHI2NDOF' (index=25).   <---> Output : variable 'muplus_TRACK_CHI2NDOF' (index=25).
--- Gauss                    : Input : variable 'muminus_TRACK_CHI2NDOF' (index=26).   <---> Output : variable 'muminus_TRACK_CHI2NDOF' (index=26).
--- Id                       : Preparing the Identity transformation...
--- TFHandler_Factory        : --------------------------------------------------------------------------------------------------------------------------------------
--- TFHandler_Factory        :                Variable                       Mean                       RMS               [        Min                       Max ]
--- TFHandler_Factory        : --------------------------------------------------------------------------------------------------------------------------------------
--- TFHandler_Factory        :                   B0_PT:                   5421.0                   4729.8   [                   1.5600               4.3673e+05 ]
--- TFHandler_Factory        :         B0_IPCHI2_OWNPV:                   3.9946                   3.8755   [               3.0071e-06                   25.303 ]
--- TFHandler_Factory        :         B0_FDCHI2_OWNPV:                   7935.3                   46524.   [                   120.82               1.7453e+07 ]
--- TFHandler_Factory        :           B0_DIRA_OWNPV:                  0.99998               2.6401e-05   [                  0.99990                   1.0000 ]
--- TFHandler_Factory        :       B0_ENDVERTEX_CHI2:                   15.194                   11.216   [                 0.045180                   40.000 ]
--- TFHandler_Factory        :      Kplus_IPCHI2_OWNPV:                   529.91                   1989.5   [                   9.0000               4.4866e+05 ]
--- TFHandler_Factory        :     Kminus_IPCHI2_OWNPV:                   526.12                   1895.7   [                   9.0000               1.1670e+05 ]
--- TFHandler_Factory        :    muminus_IPCHI2_OWNPV:                   1023.2                   3202.8   [                   9.0001               5.2942e+05 ]
--- TFHandler_Factory        :     muplus_IPCHI2_OWNPV:                   1043.5                   3388.3   [                   9.0000               6.8298e+05 ]
--- TFHandler_Factory        :              Kplus_PIDK:                   14.568                   25.273   [                  -135.26                   177.44 ]
--- TFHandler_Factory        :             Kminus_PIDK:                   14.602                   25.337   [                  -137.64                   155.81 ]
--- TFHandler_Factory        :           muminus_PIDmu:                   5.9639                   3.2689   [                  -3.0000                   14.767 ]
--- TFHandler_Factory        :            muplus_PIDmu:                   5.9635                   3.2729   [                  -2.9997                   14.724 ]
--- TFHandler_Factory        :               Kminus_PT:                   1272.9                   1428.8   [                   45.350                   85386. ]
--- TFHandler_Factory        :                Kplus_PT:                   1268.9                   1438.0   [                   48.386               1.9498e+05 ]
--- TFHandler_Factory        :                    B0_P:               1.1079e+05                   68909.   [                   18564.               4.2187e+06 ]
--- TFHandler_Factory        :                 Kplus_P:                   19085.                   22714.   [                   1176.1               3.0693e+06 ]
--- TFHandler_Factory        :                Kminus_P:                   19144.                   22709.   [                   1160.7               2.2640e+06 ]
--- TFHandler_Factory        :             phi_1020_PT:                   2337.9                   2477.9   [                 0.036056               2.3319e+05 ]
--- TFHandler_Factory        :              phi_1020_P:                   38211.                   38151.   [                   2726.3               3.6083e+06 ]
--- TFHandler_Factory        : phi_1020_ENDVERTEX_CHI2:                   2.2638                   2.8447   [               3.9535e-26                   12.000 ]
--- TFHandler_Factory        :              Kplus_PIDp:                   6.1253                   18.967   [                  -138.33                   105.09 ]
--- TFHandler_Factory        :             Kminus_PIDp:                   6.0835                   18.968   [                  -132.35                   107.18 ]
--- TFHandler_Factory        :    Kplus_TRACK_CHI2NDOF:                   1.2082                  0.44592   [                  0.13093                   3.0000 ]
--- TFHandler_Factory        :   Kminus_TRACK_CHI2NDOF:                   1.2125                  0.44986   [                  0.10025                   3.0000 ]
--- TFHandler_Factory        :   muplus_TRACK_CHI2NDOF:                   1.0970                  0.36121   [                  0.12472                   2.9999 ]
--- TFHandler_Factory        :  muminus_TRACK_CHI2NDOF:                   1.0966                  0.36081   [                 0.088641                   2.9999 ]
--- TFHandler_Factory        : --------------------------------------------------------------------------------------------------------------------------------------
--- TFHandler_Factory        : Plot event variables for Id
--- TFHandler_Factory        : [32m
--- TFHandler_Factory        : <PlotVariables> Will not produce scatter plots ==> 
--- TFHandler_Factory        : |  The number of 27 input variables and 0 target values would require 351 two-dimensional
--- TFHandler_Factory        : |  histograms, which would occupy the computer's memory. Note that this
--- TFHandler_Factory        : |  suppression does not have any consequences for your analysis, other
--- TFHandler_Factory        : |  than not disposing of these scatter plots. You can modify the maximum
--- TFHandler_Factory        : |  number of input variables allowed to generate scatter plots in your
--- TFHandler_Factory        : |  script via the command line:
--- TFHandler_Factory        : |  "(TMVA::gConfig().GetVariablePlotting()).fMaxNumOfAllowedVariablesForScatterPlots = <some int>;"[0m
--- TFHandler_Factory        : 
--- TFHandler_Factory        : Some more output
--- Gauss                    : Preparing the Gaussian transformation...
--- TFHandler_Factory        : --------------------------------------------------------------------------------------------------------------------------------------
--- TFHandler_Factory        :                Variable                       Mean                       RMS               [        Min                       Max ]
--- TFHandler_Factory        : --------------------------------------------------------------------------------------------------------------------------------------
--- TFHandler_Factory        :                   B0_PT:                0.0018189                  0.99979   [                  -4.1034                   5.7307 ]
--- TFHandler_Factory        :         B0_IPCHI2_OWNPV:                0.0018457                   1.0003   [                  -3.5280                   5.7307 ]
--- TFHandler_Factory        :         B0_FDCHI2_OWNPV:                  0.21384                  0.72302   [                 -0.50427                   5.7307 ]
--- TFHandler_Factory        :           B0_DIRA_OWNPV:                  0.12926                   1.2935   [                  -3.3520                   5.7307 ]
--- TFHandler_Factory        :       B0_ENDVERTEX_CHI2:                0.0020266                   1.0009   [                  -5.0664                   5.7307 ]
--- TFHandler_Factory        :      Kplus_IPCHI2_OWNPV:                  0.22760                  0.71640   [                 -0.44943                   5.7307 ]
--- TFHandler_Factory        :     Kminus_IPCHI2_OWNPV:                 0.077717                  0.87335   [                  -1.1119                   5.7307 ]
--- TFHandler_Factory        :    muminus_IPCHI2_OWNPV:                 0.073937                  0.87868   [                  -1.1300                   5.7307 ]
--- TFHandler_Factory        :     muplus_IPCHI2_OWNPV:                 0.087914                  0.86041   [                  -1.0345                   5.7307 ]
--- TFHandler_Factory        :              Kplus_PIDK:                0.0023363                  0.99981   [                  -5.7307                   5.7307 ]
--- TFHandler_Factory        :             Kminus_PIDK:                0.0027090                   1.0003   [                  -5.7307                   5.7307 ]
--- TFHandler_Factory        :           muminus_PIDmu:                0.0018286                   1.0006   [                  -4.7611                   5.7307 ]
--- TFHandler_Factory        :            muplus_PIDmu:                0.0015047                   1.0011   [                  -4.8105                   5.7307 ]
--- TFHandler_Factory        :               Kminus_PT:                0.0016480                  0.99896   [                  -4.5516                   5.7307 ]
--- TFHandler_Factory        :                Kplus_PT:                0.0022053                  0.99884   [                  -5.7307                   5.7307 ]
--- TFHandler_Factory        :                    B0_P:                0.0020697                  0.99998   [                  -4.6925                   5.7307 ]
--- TFHandler_Factory        :                 Kplus_P:                0.0018748                  0.99957   [                  -5.7307                   5.7307 ]
--- TFHandler_Factory        :                Kminus_P:                0.0020762                  0.99881   [                  -5.7307                   5.7307 ]
--- TFHandler_Factory        :             phi_1020_PT:                0.0016497                  0.99892   [                  -5.7307                   5.7307 ]
--- TFHandler_Factory        :              phi_1020_P:                0.0019059                  0.99952   [                  -4.6925                   5.7307 ]
--- TFHandler_Factory        : phi_1020_ENDVERTEX_CHI2:                0.0045391                  0.99412   [                  -2.4018                   5.7307 ]
--- TFHandler_Factory        :              Kplus_PIDp:                0.0017579                   1.0003   [                  -5.7307                   5.7307 ]
--- TFHandler_Factory        :             Kminus_PIDp:                0.0022667                  0.99980   [                  -5.7307                   5.7307 ]
--- TFHandler_Factory        :    Kplus_TRACK_CHI2NDOF:                0.0020747                   1.0007   [                  -5.0757                   5.7307 ]
--- TFHandler_Factory        :   Kminus_TRACK_CHI2NDOF:                0.0020549                   1.0006   [                  -5.0994                   5.7307 ]
--- TFHandler_Factory        :   muplus_TRACK_CHI2NDOF:                0.0021109                   1.0008   [                  -5.0679                   5.7307 ]
--- TFHandler_Factory        :  muminus_TRACK_CHI2NDOF:                0.0021113                   1.0007   [                  -5.0893                   5.7307 ]
--- TFHandler_Factory        : --------------------------------------------------------------------------------------------------------------------------------------
--- TFHandler_Factory        : Plot event variables for Gauss
--- TFHandler_Factory        : [32m
--- TFHandler_Factory        : <PlotVariables> Will not produce scatter plots ==> 
--- TFHandler_Factory        : |  The number of 27 input variables and 0 target values would require 351 two-dimensional
--- TFHandler_Factory        : |  histograms, which would occupy the computer's memory. Note that this
--- TFHandler_Factory        : |  suppression does not have any consequences for your analysis, other
--- TFHandler_Factory        : |  than not disposing of these scatter plots. You can modify the maximum
--- TFHandler_Factory        : |  number of input variables allowed to generate scatter plots in your
--- TFHandler_Factory        : |  script via the command line:
--- TFHandler_Factory        : |  "(TMVA::gConfig().GetVariablePlotting()).fMaxNumOfAllowedVariablesForScatterPlots = <some int>;"[0m
--- TFHandler_Factory        : 
--- TFHandler_Factory        : Some more output
--- TFHandler_Factory        :  
--- TFHandler_Factory        : Ranking input variables (method unspecific)...
--- IdTransformation         : Ranking result (top variable is best ranked)
--- IdTransformation         : ------------------------------------------------
--- IdTransformation         : Rank : Variable                : Separation
--- IdTransformation         : ------------------------------------------------
--- IdTransformation         :    1 : B0_ENDVERTEX_CHI2       : 5.283e-01
--- IdTransformation         :    2 : Kminus_PIDK             : 5.236e-01
--- IdTransformation         :    3 : Kplus_PIDK              : 5.166e-01
--- IdTransformation         :    4 : phi_1020_PT             : 4.869e-01
--- IdTransformation         :    5 : Kminus_PT               : 3.689e-01
--- IdTransformation         :    6 : Kplus_PT                : 3.617e-01
--- IdTransformation         :    7 : B0_DIRA_OWNPV           : 3.569e-01
--- IdTransformation         :    8 : B0_PT                   : 2.614e-01
--- IdTransformation         :    9 : Kminus_PIDp             : 2.498e-01
--- IdTransformation         :   10 : Kplus_PIDp              : 2.469e-01
--- IdTransformation         :   11 : phi_1020_P              : 2.317e-01
--- IdTransformation         :   12 : Kminus_IPCHI2_OWNPV     : 1.816e-01
--- IdTransformation         :   13 : Kplus_IPCHI2_OWNPV      : 1.763e-01
--- IdTransformation         :   14 : Kminus_P                : 1.714e-01
--- IdTransformation         :   15 : Kplus_P                 : 1.659e-01
--- IdTransformation         :   16 : B0_IPCHI2_OWNPV         : 1.289e-01
--- IdTransformation         :   17 : Kminus_TRACK_CHI2NDOF   : 1.158e-01
--- IdTransformation         :   18 : Kplus_TRACK_CHI2NDOF    : 1.105e-01
--- IdTransformation         :   19 : muminus_IPCHI2_OWNPV    : 1.030e-01
--- IdTransformation         :   20 : muplus_IPCHI2_OWNPV     : 1.011e-01
--- IdTransformation         :   21 : phi_1020_ENDVERTEX_CHI2 : 9.755e-02
--- IdTransformation         :   22 : B0_FDCHI2_OWNPV         : 8.066e-02
--- IdTransformation         :   23 : muminus_PIDmu           : 5.892e-02
--- IdTransformation         :   24 : muplus_PIDmu            : 5.855e-02
--- IdTransformation         :   25 : muplus_TRACK_CHI2NDOF   : 3.537e-02
--- IdTransformation         :   26 : muminus_TRACK_CHI2NDOF  : 3.531e-02
--- IdTransformation         :   27 : B0_P                    : 1.901e-02
--- IdTransformation         : ------------------------------------------------
--- Factory                  :  
--- Factory                  : Train all methods for Classification ...
--- Factory                  : Train method: BDT for Classification
--- BDT                      : Begin training
--- BDT                      :  found and suggest the following possible pre-selection cuts 
--- BDT                      : as option DoPreselection was not used, these cuts however will not be performed, but the training will see the full sample
--- BDT                      : re-normlise events such that Sig and Bkg have respective sum of weights = 1
--- BDT                      :   sig->sig*1.5448ev. bkg->bkg*1.5448ev.
--- BDT                      : #events: (reweighted) sig: 273989 bkg: 273989
--- BDT                      : #events: (unweighted) sig: 177362 bkg: 370616
--- BDT                      : Training 800 Decision Trees ... patience please
--- BinaryTree               : The minimal node size MinNodeSize=2.5 fMinNodeSize=2.5% is translated to an actual number of events = 13699.5
--- BinaryTree               : Note: This number will be taken as absolute minimum in the node, 
--- BinaryTree               :       in terms of 'weighted events' and unweighted ones !! 
--- BDT                      : <Train> elapsed time: [1;31m1.63e+03 sec[0m                              
--- BDT                      : <Train> average number of nodes (w/o pruning) : 5
--- BDT                      : End of training                                              
--- BDT                      : Elapsed time for training with 547978 events: [1;31m1.66e+03 sec[0m         
--- BDT                      : Create MVA output for classification on training sample
--- BDT                      : Evaluation of BDT on training sample (547978 events)
--- BDT                      : Elapsed time for evaluation of 547978 events: [1;31m55 sec[0m       
--- BDT                      : Creating weight file in xml format: [0;36mweights/Bs2mumuf2_BDTselection_FINAL_v2_BDT.weights.xml[0m
--- BDT                      : Creating standalone response class: [0;36mweights/Bs2mumuf2_BDTselection_FINAL_v2_BDT.class.C[0m
--- BDT                      : Write monitoring histograms to file: Bs2mumuf2_BDTselection_FINAL_v2.root:/Method_BDT/BDT
--- Factory                  : Training finished
--- Factory                  : 
--- Factory                  : Ranking input variables (method specific)...
--- BDT                      : Ranking result (top variable is best ranked)
--- BDT                      : ---------------------------------------------------------
--- BDT                      : Rank : Variable                : Variable Importance
--- BDT                      : ---------------------------------------------------------
--- BDT                      :    1 : Kplus_PIDK              : 8.313e-02
--- BDT                      :    2 : B0_ENDVERTEX_CHI2       : 6.705e-02
--- BDT                      :    3 : Kminus_PIDK             : 6.683e-02
--- BDT                      :    4 : Kplus_IPCHI2_OWNPV      : 5.021e-02
--- BDT                      :    5 : phi_1020_PT             : 4.693e-02
--- BDT                      :    6 : B0_P                    : 4.528e-02
--- BDT                      :    7 : B0_DIRA_OWNPV           : 4.474e-02
--- BDT                      :    8 : Kminus_IPCHI2_OWNPV     : 4.459e-02
--- BDT                      :    9 : Kminus_P                : 4.403e-02
--- BDT                      :   10 : phi_1020_P              : 4.083e-02
--- BDT                      :   11 : Kplus_P                 : 3.982e-02
--- BDT                      :   12 : muplus_PIDmu            : 3.907e-02
--- BDT                      :   13 : B0_PT                   : 3.634e-02
--- BDT                      :   14 : Kplus_PT                : 3.632e-02
--- BDT                      :   15 : Kminus_TRACK_CHI2NDOF   : 3.485e-02
--- BDT                      :   16 : muminus_TRACK_CHI2NDOF  : 3.443e-02
--- BDT                      :   17 : B0_IPCHI2_OWNPV         : 3.349e-02
--- BDT                      :   18 : muminus_PIDmu           : 3.341e-02
--- BDT                      :   19 : Kplus_TRACK_CHI2NDOF    : 3.144e-02
--- BDT                      :   20 : muplus_TRACK_CHI2NDOF   : 2.961e-02
--- BDT                      :   21 : Kminus_PIDp             : 2.688e-02
--- BDT                      :   22 : Kminus_PT               : 2.310e-02
--- BDT                      :   23 : Kplus_PIDp              : 2.287e-02
--- BDT                      :   24 : muminus_IPCHI2_OWNPV    : 2.016e-02
--- BDT                      :   25 : muplus_IPCHI2_OWNPV     : 1.695e-02
--- BDT                      :   26 : phi_1020_ENDVERTEX_CHI2 : 7.607e-03
--- BDT                      :   27 : B0_FDCHI2_OWNPV         : 0.000e+00
--- BDT                      : ---------------------------------------------------------
--- Factory                  : 
--- Factory                  : === Destroy and recreate all methods via weight files for testing ===
--- Factory                  : 
--- MethodBase               : Reading weight file: [0;36mweights/Bs2mumuf2_BDTselection_FINAL_v2_BDT.weights.xml[0m
--- BDT                      : Read method "BDT" of type "BDT"
--- BDT                      : MVA method was trained with TMVA Version: 4.2.0
--- BDT                      : MVA method was trained with ROOT Version: 5.34/10
--- Factory                  : Test all methods...
--- Factory                  : Test method: BDT for Classification performance
--- BDT                      : Evaluation of BDT on testing sample (547978 events)
--- BDT                      : Elapsed time for evaluation of 547978 events: [1;31m52.6 sec[0m       
--- Factory                  : Evaluate all methods...
--- Factory                  : Evaluate classifier: BDT
--- BDT                      : Loop over test events and fill histograms with classifier response...
--- Factory                  : Write evaluation histograms to file
--- TFHandler_BDT            : Plot event variables for BDT
--- TFHandler_BDT            : --------------------------------------------------------------------------------------------------------------------------------------
--- TFHandler_BDT            :                Variable                       Mean                       RMS               [        Min                       Max ]
--- TFHandler_BDT            : --------------------------------------------------------------------------------------------------------------------------------------
--- TFHandler_BDT            :                   B0_PT:                   4704.7                   4798.2   [                   2.6461               7.2179e+05 ]
--- TFHandler_BDT            :         B0_IPCHI2_OWNPV:                   4.4788                   4.1087   [               1.0607e-05                   28.105 ]
--- TFHandler_BDT            :         B0_FDCHI2_OWNPV:                   6676.1                   45778.   [                   120.63               1.1897e+07 ]
--- TFHandler_BDT            :           B0_DIRA_OWNPV:                  0.99997               2.8046e-05   [                  0.99990                   1.0000 ]
--- TFHandler_BDT            :       B0_ENDVERTEX_CHI2:                   17.928                   11.439   [                 0.035856                   40.000 ]
--- TFHandler_BDT            :      Kplus_IPCHI2_OWNPV:                   373.13                   1605.1   [                   9.0000               1.7394e+05 ]
--- TFHandler_BDT            :     Kminus_IPCHI2_OWNPV:                   372.49                   1623.3   [                   9.0000               1.2298e+05 ]
--- TFHandler_BDT            :    muminus_IPCHI2_OWNPV:                   807.92                   2838.7   [                   9.0002               5.7786e+05 ]
--- TFHandler_BDT            :     muplus_IPCHI2_OWNPV:                   810.19                   2921.2   [                   9.0000               6.8298e+05 ]
--- TFHandler_BDT            :              Kplus_PIDK:                   8.8065                   23.840   [                  -138.65                   169.30 ]
--- TFHandler_BDT            :             Kminus_PIDK:                   8.7891                   23.769   [                  -145.13                   163.55 ]
--- TFHandler_BDT            :           muminus_PIDmu:                   5.6928                   3.2741   [                  -2.9999                   14.764 ]
--- TFHandler_BDT            :            muplus_PIDmu:                   5.6914                   3.2853   [                  -3.0000                   14.748 ]
--- TFHandler_BDT            :               Kminus_PT:                   1039.9                   1277.1   [                   46.439               1.2322e+05 ]
--- TFHandler_BDT            :                Kplus_PT:                   1039.0                   1263.6   [                   46.905                   94917. ]
--- TFHandler_BDT            :                    B0_P:               1.0801e+05                   72000.   [                   15651.               1.5763e+07 ]
--- TFHandler_BDT            :                 Kplus_P:                   16613.                   20305.   [                   1167.2               1.4309e+06 ]
--- TFHandler_BDT            :                Kminus_P:                   16594.                   20104.   [                   1146.0               6.7912e+05 ]
--- TFHandler_BDT            :             phi_1020_PT:                   1862.4                   2207.6   [                   1.6227               1.7881e+05 ]
--- TFHandler_BDT            :              phi_1020_P:                   33190.                   33749.   [                   2760.8               1.7819e+06 ]
--- TFHandler_BDT            : phi_1020_ENDVERTEX_CHI2:                   2.5809                   3.0440   [               2.7113e-31                   12.000 ]
--- TFHandler_BDT            :              Kplus_PIDp:                   3.6119                   18.064   [                  -128.63                   94.292 ]
--- TFHandler_BDT            :             Kminus_PIDp:                   3.5777                   17.970   [                  -132.52                   92.854 ]
--- TFHandler_BDT            :    Kplus_TRACK_CHI2NDOF:                   1.2568                  0.47474   [                  0.13143                   3.0000 ]
--- TFHandler_BDT            :   Kminus_TRACK_CHI2NDOF:                   1.2645                  0.48015   [                  0.11243                   3.0000 ]
--- TFHandler_BDT            :   muplus_TRACK_CHI2NDOF:                   1.1142                  0.38246   [                  0.10958                   2.9997 ]
--- TFHandler_BDT            :  muminus_TRACK_CHI2NDOF:                   1.1134                  0.38241   [                  0.13921                   2.9997 ]
--- TFHandler_BDT            : --------------------------------------------------------------------------------------------------------------------------------------
--- TFHandler_BDT            : [32m
--- TFHandler_BDT            : <PlotVariables> Will not produce scatter plots ==> 
--- TFHandler_BDT            : |  The number of 27 input variables and 0 target values would require 351 two-dimensional
--- TFHandler_BDT            : |  histograms, which would occupy the computer's memory. Note that this
--- TFHandler_BDT            : |  suppression does not have any consequences for your analysis, other
--- TFHandler_BDT            : |  than not disposing of these scatter plots. You can modify the maximum
--- TFHandler_BDT            : |  number of input variables allowed to generate scatter plots in your
--- TFHandler_BDT            : |  script via the command line:
--- TFHandler_BDT            : |  "(TMVA::gConfig().GetVariablePlotting()).fMaxNumOfAllowedVariablesForScatterPlots = <some int>;"[0m
--- TFHandler_BDT            : 
--- TFHandler_BDT            : Some more output
[1;31m--- <WARNING> Tools                    : <GetCorrelationMatrix> zero variances for variables (0, 2)[0m
[1;31m--- <WARNING> Tools                    : <GetCorrelationMatrix> zero variances for variables (0, 4)[0m
[1;31m--- <WARNING> Tools                    : <GetCorrelationMatrix> zero variances for variables (0, 5)[0m
[1;31m--- <WARNING> Tools                    : <GetCorrelationMatrix> zero variances for variables (0, 12)[0m
[1;31m--- <WARNING> Tools                    : <GetCorrelationMatrix> zero variances for variables (0, 13)[0m
[1;31m--- <WARNING> Tools                    : <GetCorrelationMatrix> zero variances for variables (0, 21)[0m
[1;31m--- <WARNING> Tools                    : <GetCorrelationMatrix> zero variances for variables (0, 24)[0m
[1;31m--- <WARNING> Tools                    : <GetCorrelationMatrix> zero variances for variables (0, 25)[0m
[1;31m--- <WARNING> Tools                    : <GetCorrelationMatrix> zero variances for variables (0, 26)[0m
[1;31m--- <WARNING> Tools                    : <GetCorrelationMatrix> zero variances for variables (0, 27)[0m
[1;31m--- <WARNING> Tools                    : <GetCorrelationMatrix> zero variances for variables (1, 4)[0m
[1;31m--- <WARNING> Tools                    : <GetCorrelationMatrix> zero variances for variables (2, 0)[0m
[1;31m--- <WARNING> Tools                    : <GetCorrelationMatrix> zero variances for variables (2, 4)[0m
[1;31m--- <WARNING> Tools                    : <GetCorrelationMatrix> zero variances for variables (2, 24)[0m
[1;31m--- <WARNING> Tools                    : <GetCorrelationMatrix> zero variances for variables (2, 25)[0m
[1;31m--- <WARNING> Tools                    : <GetCorrelationMatrix> zero variances for variables (2, 26)[0m
[1;31m--- <WARNING> Tools                    : <GetCorrelationMatrix> zero variances for variables (2, 27)[0m
[1;31m--- <WARNING> Tools                    : <GetCorrelationMatrix> zero variances for variables (3, 4)[0m
[1;31m--- <WARNING> Tools                    : <GetCorrelationMatrix> zero variances for variables (4, 0)[0m
[1;31m--- <WARNING> Tools                    : <GetCorrelationMatrix> zero variances for variables (4, 1)[0m
[1;31m--- <WARNING> Tools                    : <GetCorrelationMatrix> zero variances for variables (4, 2)[0m
[1;31m--- <WARNING> Tools                    : <GetCorrelationMatrix> zero variances for variables (4, 3)[0m
[1;31m--- <WARNING> Tools                    : <GetCorrelationMatrix> zero variances for variables (4, 5)[0m
[1;31m--- <WARNING> Tools                    : <GetCorrelationMatrix> zero variances for variables (4, 6)[0m
[1;31m--- <WARNING> Tools                    : <GetCorrelationMatrix> zero variances for variables (4, 7)[0m
[1;31m--- <WARNING> Tools                    : <GetCorrelationMatrix> zero variances for variables (4, 8)[0m
[1;31m--- <WARNING> Tools                    : <GetCorrelationMatrix> zero variances for variables (4, 9)[0m
[1;31m--- <WARNING> Tools                    : <GetCorrelationMatrix> zero variances for variables (4, 10)[0m
[1;31m--- <WARNING> Tools                    : <GetCorrelationMatrix> zero variances for variables (4, 11)[0m
[1;31m--- <WARNING> Tools                    : <GetCorrelationMatrix> zero variances for variables (4, 12)[0m
[1;31m--- <WARNING> Tools                    : <GetCorrelationMatrix> zero variances for variables (4, 13)[0m
[1;31m--- <WARNING> Tools                    : <GetCorrelationMatrix> zero variances for variables (4, 14)[0m
[1;31m--- <WARNING> Tools                    : <GetCorrelationMatrix> zero variances for variables (4, 15)[0m
[1;31m--- <WARNING> Tools                    : <GetCorrelationMatrix> zero variances for variables (4, 17)[0m
[1;31m--- <WARNING> Tools                    : <GetCorrelationMatrix> zero variances for variables (4, 18)[0m
[1;31m--- <WARNING> Tools                    : <GetCorrelationMatrix> zero variances for variables (4, 19)[0m
[1;31m--- <WARNING> Tools                    : <GetCorrelationMatrix> zero variances for variables (4, 20)[0m
[1;31m--- <WARNING> Tools                    : <GetCorrelationMatrix> zero variances for variables (4, 21)[0m
[1;31m--- <WARNING> Tools                    : <GetCorrelationMatrix> zero variances for variables (4, 22)[0m
[1;31m--- <WARNING> Tools                    : <GetCorrelationMatrix> zero variances for variables (4, 23)[0m
[1;31m--- <WARNING> Tools                    : <GetCorrelationMatrix> zero variances for variables (4, 24)[0m
[1;31m--- <WARNING> Tools                    : <GetCorrelationMatrix> zero variances for variables (4, 25)[0m
[1;31m--- <WARNING> Tools                    : <GetCorrelationMatrix> zero variances for variables (4, 26)[0m
[1;31m--- <WARNING> Tools                    : <GetCorrelationMatrix> zero variances for variables (4, 27)[0m
[1;31m--- <WARNING> Tools                    : <GetCorrelationMatrix> zero variances for variables (5, 0)[0m
[1;31m--- <WARNING> Tools                    : <GetCorrelationMatrix> zero variances for variables (5, 4)[0m
[1;31m--- <WARNING> Tools                    : <GetCorrelationMatrix> zero variances for variables (6, 4)[0m
[1;31m--- <WARNING> Tools                    : <GetCorrelationMatrix> zero variances for variables (7, 4)[0m
[1;31m--- <WARNING> Tools                    : <GetCorrelationMatrix> zero variances for variables (8, 4)[0m
[1;31m--- <WARNING> Tools                    : <GetCorrelationMatrix> zero variances for variables (9, 4)[0m
[1;31m--- <WARNING> Tools                    : <GetCorrelationMatrix> zero variances for variables (10, 4)[0m
[1;31m--- <WARNING> Tools                    : <GetCorrelationMatrix> zero variances for variables (11, 4)[0m
[1;31m--- <WARNING> Tools                    : <GetCorrelationMatrix> zero variances for variables (12, 0)[0m
[1;31m--- <WARNING> Tools                    : <GetCorrelationMatrix> zero variances for variables (12, 4)[0m
[1;31m--- <WARNING> Tools                    : <GetCorrelationMatrix> zero variances for variables (12, 24)[0m
[1;31m--- <WARNING> Tools                    : <GetCorrelationMatrix> zero variances for variables (12, 25)[0m
[1;31m--- <WARNING> Tools                    : <GetCorrelationMatrix> zero variances for variables (12, 26)[0m
[1;31m--- <WARNING> Tools                    : <GetCorrelationMatrix> zero variances for variables (12, 27)[0m
[1;31m--- <WARNING> Tools                    : <GetCorrelationMatrix> zero variances for variables (13, 0)[0m
[1;31m--- <WARNING> Tools                    : <GetCorrelationMatrix> zero variances for variables (13, 4)[0m
[1;31m--- <WARNING> Tools                    : <GetCorrelationMatrix> zero variances for variables (13, 24)[0m
[1;31m--- <WARNING> Tools                    : <GetCorrelationMatrix> zero variances for variables (13, 25)[0m
[1;31m--- <WARNING> Tools                    : <GetCorrelationMatrix> zero variances for variables (13, 26)[0m
[1;31m--- <WARNING> Tools                    : <GetCorrelationMatrix> zero variances for variables (13, 27)[0m
[1;31m--- <WARNING> Tools                    : <GetCorrelationMatrix> zero variances for variables (14, 4)[0m
[1;31m--- <WARNING> Tools                    : <GetCorrelationMatrix> zero variances for variables (15, 4)[0m
[1;31m--- <WARNING> Tools                    : <GetCorrelationMatrix> zero variances for variables (17, 4)[0m
[1;31m--- <WARNING> Tools                    : <GetCorrelationMatrix> zero variances for variables (18, 4)[0m
[1;31m--- <WARNING> Tools                    : <GetCorrelationMatrix> zero variances for variables (19, 4)[0m
[1;31m--- <WARNING> Tools                    : <GetCorrelationMatrix> zero variances for variables (20, 4)[0m
[1;31m--- <WARNING> Tools                    : <GetCorrelationMatrix> zero variances for variables (21, 0)[0m
[1;31m--- <WARNING> Tools                    : <GetCorrelationMatrix> zero variances for variables (21, 4)[0m
[1;31m--- <WARNING> Tools                    : <GetCorrelationMatrix> zero variances for variables (21, 24)[0m
[1;31m--- <WARNING> Tools                    : <GetCorrelationMatrix> zero variances for variables (21, 25)[0m
[1;31m--- <WARNING> Tools                    : <GetCorrelationMatrix> zero variances for variables (21, 26)[0m
[1;31m--- <WARNING> Tools                    : <GetCorrelationMatrix> zero variances for variables (21, 27)[0m
[1;31m--- <WARNING> Tools                    : <GetCorrelationMatrix> zero variances for variables (22, 4)[0m
[1;31m--- <WARNING> Tools                    : <GetCorrelationMatrix> zero variances for variables (23, 4)[0m
[1;31m--- <WARNING> Tools                    : <GetCorrelationMatrix> zero variances for variables (24, 0)[0m
[1;31m--- <WARNING> Tools                    : <GetCorrelationMatrix> zero variances for variables (24, 2)[0m
[1;31m--- <WARNING> Tools                    : <GetCorrelationMatrix> zero variances for variables (24, 4)[0m
[1;31m--- <WARNING> Tools                    : <GetCorrelationMatrix> zero variances for variables (24, 12)[0m
[1;31m--- <WARNING> Tools                    : <GetCorrelationMatrix> zero variances for variables (24, 13)[0m
[1;31m--- <WARNING> Tools                    : <GetCorrelationMatrix> zero variances for variables (24, 21)[0m
[1;31m--- <WARNING> Tools                    : <GetCorrelationMatrix> zero variances for variables (24, 25)[0m
[1;31m--- <WARNING> Tools                    : <GetCorrelationMatrix> zero variances for variables (24, 26)[0m
[1;31m--- <WARNING> Tools                    : <GetCorrelationMatrix> zero variances for variables (24, 27)[0m
[1;31m--- <WARNING> Tools                    : <GetCorrelationMatrix> zero variances for variables (25, 0)[0m
[1;31m--- <WARNING> Tools                    : <GetCorrelationMatrix> zero variances for variables (25, 2)[0m
[1;31m--- <WARNING> Tools                    : <GetCorrelationMatrix> zero variances for variables (25, 4)[0m
[1;31m--- <WARNING> Tools                    : <GetCorrelationMatrix> zero variances for variables (25, 12)[0m
[1;31m--- <WARNING> Tools                    : <GetCorrelationMatrix> zero variances for variables (25, 13)[0m
[1;31m--- <WARNING> Tools                    : <GetCorrelationMatrix> zero variances for variables (25, 21)[0m
[1;31m--- <WARNING> Tools                    : <GetCorrelationMatrix> zero variances for variables (25, 24)[0m
[1;31m--- <WARNING> Tools                    : <GetCorrelationMatrix> zero variances for variables (25, 26)[0m
[1;31m--- <WARNING> Tools                    : <GetCorrelationMatrix> zero variances for variables (25, 27)[0m
[1;31m--- <WARNING> Tools                    : <GetCorrelationMatrix> zero variances for variables (26, 0)[0m
[1;31m--- <WARNING> Tools                    : <GetCorrelationMatrix> zero variances for variables (26, 2)[0m
[1;31m--- <WARNING> Tools                    : <GetCorrelationMatrix> zero variances for variables (26, 4)[0m
[1;31m--- <WARNING> Tools                    : <GetCorrelationMatrix> zero variances for variables (26, 12)[0m
[1;31m--- <WARNING> Tools                    : <GetCorrelationMatrix> zero variances for variables (26, 13)[0m
[1;31m--- <WARNING> Tools                    : <GetCorrelationMatrix> zero variances for variables (26, 21)[0m
[1;31m--- <WARNING> Tools                    : <GetCorrelationMatrix> zero variances for variables (26, 24)[0m
[1;31m--- <WARNING> Tools                    : <GetCorrelationMatrix> zero variances for variables (26, 25)[0m
[1;31m--- <WARNING> Tools                    : <GetCorrelationMatrix> zero variances for variables (26, 27)[0m
[1;31m--- <WARNING> Tools                    : <GetCorrelationMatrix> zero variances for variables (27, 0)[0m
[1;31m--- <WARNING> Tools                    : <GetCorrelationMatrix> zero variances for variables (27, 2)[0m
[1;31m--- <WARNING> Tools                    : <GetCorrelationMatrix> zero variances for variables (27, 4)[0m
[1;31m--- <WARNING> Tools                    : <GetCorrelationMatrix> zero variances for variables (27, 12)[0m
[1;31m--- <WARNING> Tools                    : <GetCorrelationMatrix> zero variances for variables (27, 13)[0m
[1;31m--- <WARNING> Tools                    : <GetCorrelationMatrix> zero variances for variables (27, 21)[0m
[1;31m--- <WARNING> Tools                    : <GetCorrelationMatrix> zero variances for variables (27, 24)[0m
[1;31m--- <WARNING> Tools                    : <GetCorrelationMatrix> zero variances for variables (27, 25)[0m
[1;31m--- <WARNING> Tools                    : <GetCorrelationMatrix> zero variances for variables (27, 26)[0m
[1;31m--- <WARNING> Tools                    : <GetCorrelationMatrix> zero variances for variables (0, 2)[0m
[1;31m--- <WARNING> Tools                    : <GetCorrelationMatrix> zero variances for variables (0, 4)[0m
[1;31m--- <WARNING> Tools                    : <GetCorrelationMatrix> zero variances for variables (0, 12)[0m
[1;31m--- <WARNING> Tools                    : <GetCorrelationMatrix> zero variances for variables (0, 13)[0m
[1;31m--- <WARNING> Tools                    : <GetCorrelationMatrix> zero variances for variables (0, 21)[0m
[1;31m--- <WARNING> Tools                    : <GetCorrelationMatrix> zero variances for variables (0, 24)[0m
[1;31m--- <WARNING> Tools                    : <GetCorrelationMatrix> zero variances for variables (0, 25)[0m
[1;31m--- <WARNING> Tools                    : <GetCorrelationMatrix> zero variances for variables (0, 26)[0m
[1;31m--- <WARNING> Tools                    : <GetCorrelationMatrix> zero variances for variables (0, 27)[0m
[1;31m--- <WARNING> Tools                    : <GetCorrelationMatrix> zero variances for variables (1, 4)[0m
[1;31m--- <WARNING> Tools                    : <GetCorrelationMatrix> zero variances for variables (2, 0)[0m
[1;31m--- <WARNING> Tools                    : <GetCorrelationMatrix> zero variances for variables (2, 4)[0m
[1;31m--- <WARNING> Tools                    : <GetCorrelationMatrix> zero variances for variables (4, 0)[0m
[1;31m--- <WARNING> Tools                    : <GetCorrelationMatrix> zero variances for variables (4, 1)[0m
[1;31m--- <WARNING> Tools                    : <GetCorrelationMatrix> zero variances for variables (4, 2)[0m
[1;31m--- <WARNING> Tools                    : <GetCorrelationMatrix> zero variances for variables (4, 5)[0m
[1;31m--- <WARNING> Tools                    : <GetCorrelationMatrix> zero variances for variables (4, 6)[0m
[1;31m--- <WARNING> Tools                    : <GetCorrelationMatrix> zero variances for variables (4, 7)[0m
[1;31m--- <WARNING> Tools                    : <GetCorrelationMatrix> zero variances for variables (4, 8)[0m
[1;31m--- <WARNING> Tools                    : <GetCorrelationMatrix> zero variances for variables (4, 9)[0m
[1;31m--- <WARNING> Tools                    : <GetCorrelationMatrix> zero variances for variables (4, 10)[0m
[1;31m--- <WARNING> Tools                    : <GetCorrelationMatrix> zero variances for variables (4, 11)[0m
[1;31m--- <WARNING> Tools                    : <GetCorrelationMatrix> zero variances for variables (4, 12)[0m
[1;31m--- <WARNING> Tools                    : <GetCorrelationMatrix> zero variances for variables (4, 13)[0m
[1;31m--- <WARNING> Tools                    : <GetCorrelationMatrix> zero variances for variables (4, 14)[0m
[1;31m--- <WARNING> Tools                    : <GetCorrelationMatrix> zero variances for variables (4, 15)[0m
[1;31m--- <WARNING> Tools                    : <GetCorrelationMatrix> zero variances for variables (4, 17)[0m
[1;31m--- <WARNING> Tools                    : <GetCorrelationMatrix> zero variances for variables (4, 18)[0m
[1;31m--- <WARNING> Tools                    : <GetCorrelationMatrix> zero variances for variables (4, 19)[0m
[1;31m--- <WARNING> Tools                    : <GetCorrelationMatrix> zero variances for variables (4, 20)[0m
[1;31m--- <WARNING> Tools                    : <GetCorrelationMatrix> zero variances for variables (4, 21)[0m
[1;31m--- <WARNING> Tools                    : <GetCorrelationMatrix> zero variances for variables (4, 22)[0m
[1;31m--- <WARNING> Tools                    : <GetCorrelationMatrix> zero variances for variables (4, 23)[0m
[1;31m--- <WARNING> Tools                    : <GetCorrelationMatrix> zero variances for variables (4, 24)[0m
[1;31m--- <WARNING> Tools                    : <GetCorrelationMatrix> zero variances for variables (4, 25)[0m
[1;31m--- <WARNING> Tools                    : <GetCorrelationMatrix> zero variances for variables (4, 26)[0m
[1;31m--- <WARNING> Tools                    : <GetCorrelationMatrix> zero variances for variables (4, 27)[0m
[1;31m--- <WARNING> Tools                    : <GetCorrelationMatrix> zero variances for variables (5, 4)[0m
[1;31m--- <WARNING> Tools                    : <GetCorrelationMatrix> zero variances for variables (6, 4)[0m
[1;31m--- <WARNING> Tools                    : <GetCorrelationMatrix> zero variances for variables (7, 4)[0m
[1;31m--- <WARNING> Tools                    : <GetCorrelationMatrix> zero variances for variables (8, 4)[0m
[1;31m--- <WARNING> Tools                    : <GetCorrelationMatrix> zero variances for variables (9, 4)[0m
[1;31m--- <WARNING> Tools                    : <GetCorrelationMatrix> zero variances for variables (10, 4)[0m
[1;31m--- <WARNING> Tools                    : <GetCorrelationMatrix> zero variances for variables (11, 4)[0m
[1;31m--- <WARNING> Tools                    : <GetCorrelationMatrix> zero variances for variables (12, 0)[0m
[1;31m--- <WARNING> Tools                    : <GetCorrelationMatrix> zero variances for variables (12, 4)[0m
[1;31m--- <WARNING> Tools                    : <GetCorrelationMatrix> zero variances for variables (13, 0)[0m
[1;31m--- <WARNING> Tools                    : <GetCorrelationMatrix> zero variances for variables (13, 4)[0m
[1;31m--- <WARNING> Tools                    : <GetCorrelationMatrix> zero variances for variables (14, 4)[0m
[1;31m--- <WARNING> Tools                    : <GetCorrelationMatrix> zero variances for variables (15, 4)[0m
[1;31m--- <WARNING> Tools                    : <GetCorrelationMatrix> zero variances for variables (17, 4)[0m
[1;31m--- <WARNING> Tools                    : <GetCorrelationMatrix> zero variances for variables (18, 4)[0m
[1;31m--- <WARNING> Tools                    : <GetCorrelationMatrix> zero variances for variables (19, 4)[0m
[1;31m--- <WARNING> Tools                    : <GetCorrelationMatrix> zero variances for variables (20, 4)[0m
[1;31m--- <WARNING> Tools                    : <GetCorrelationMatrix> zero variances for variables (21, 0)[0m
[1;31m--- <WARNING> Tools                    : <GetCorrelationMatrix> zero variances for variables (21, 4)[0m
[1;31m--- <WARNING> Tools                    : <GetCorrelationMatrix> zero variances for variables (22, 4)[0m
[1;31m--- <WARNING> Tools                    : <GetCorrelationMatrix> zero variances for variables (23, 4)[0m
[1;31m--- <WARNING> Tools                    : <GetCorrelationMatrix> zero variances for variables (24, 0)[0m
[1;31m--- <WARNING> Tools                    : <GetCorrelationMatrix> zero variances for variables (24, 4)[0m
[1;31m--- <WARNING> Tools                    : <GetCorrelationMatrix> zero variances for variables (24, 25)[0m
[1;31m--- <WARNING> Tools                    : <GetCorrelationMatrix> zero variances for variables (24, 26)[0m
[1;31m--- <WARNING> Tools                    : <GetCorrelationMatrix> zero variances for variables (24, 27)[0m
[1;31m--- <WARNING> Tools                    : <GetCorrelationMatrix> zero variances for variables (25, 0)[0m
[1;31m--- <WARNING> Tools                    : <GetCorrelationMatrix> zero variances for variables (25, 4)[0m
[1;31m--- <WARNING> Tools                    : <GetCorrelationMatrix> zero variances for variables (25, 24)[0m
[1;31m--- <WARNING> Tools                    : <GetCorrelationMatrix> zero variances for variables (25, 26)[0m
[1;31m--- <WARNING> Tools                    : <GetCorrelationMatrix> zero variances for variables (25, 27)[0m
[1;31m--- <WARNING> Tools                    : <GetCorrelationMatrix> zero variances for variables (26, 0)[0m
[1;31m--- <WARNING> Tools                    : <GetCorrelationMatrix> zero variances for variables (26, 4)[0m
[1;31m--- <WARNING> Tools                    : <GetCorrelationMatrix> zero variances for variables (26, 24)[0m
[1;31m--- <WARNING> Tools                    : <GetCorrelationMatrix> zero variances for variables (26, 25)[0m
[1;31m--- <WARNING> Tools                    : <GetCorrelationMatrix> zero variances for variables (26, 27)[0m
[1;31m--- <WARNING> Tools                    : <GetCorrelationMatrix> zero variances for variables (27, 0)[0m
[1;31m--- <WARNING> Tools                    : <GetCorrelationMatrix> zero variances for variables (27, 4)[0m
[1;31m--- <WARNING> Tools                    : <GetCorrelationMatrix> zero variances for variables (27, 24)[0m
[1;31m--- <WARNING> Tools                    : <GetCorrelationMatrix> zero variances for variables (27, 25)[0m
[1;31m--- <WARNING> Tools                    : <GetCorrelationMatrix> zero variances for variables (27, 26)[0m
--- Factory                  : Correlations between input variables and MVA response (signal):
--- Factory                  : ----------------
--- Factory                  :                              BDT
--- Factory                  :                   B0_PT:  +0.140
--- Factory                  :         B0_IPCHI2_OWNPV:  +0.000
--- Factory                  :         B0_FDCHI2_OWNPV:  +0.119
--- Factory                  :           B0_DIRA_OWNPV:  +0.000
--- Factory                  :       B0_ENDVERTEX_CHI2:  +0.000
--- Factory                  :      Kplus_IPCHI2_OWNPV:  +0.130
--- Factory                  :     Kminus_IPCHI2_OWNPV:  +0.118
--- Factory                  :    muminus_IPCHI2_OWNPV:  +0.136
--- Factory                  :     muplus_IPCHI2_OWNPV:  +0.128
--- Factory                  :              Kplus_PIDK:  +0.385
--- Factory                  :             Kminus_PIDK:  +0.408
--- Factory                  :           muminus_PIDmu:  +0.000
--- Factory                  :            muplus_PIDmu:  +0.000
--- Factory                  :               Kminus_PT:  +0.234
--- Factory                  :                Kplus_PT:  +0.240
--- Factory                  :                    B0_P:  -0.044
--- Factory                  :                 Kplus_P:  +0.066
--- Factory                  :                Kminus_P:  +0.070
--- Factory                  :             phi_1020_PT:  +0.303
--- Factory                  :              phi_1020_P:  +0.081
--- Factory                  : phi_1020_ENDVERTEX_CHI2:  +0.000
--- Factory                  :              Kplus_PIDp:  -0.023
--- Factory                  :             Kminus_PIDp:  -0.025
--- Factory                  :    Kplus_TRACK_CHI2NDOF:  +0.000
--- Factory                  :   Kminus_TRACK_CHI2NDOF:  +0.000
--- Factory                  :   muplus_TRACK_CHI2NDOF:  +0.000
--- Factory                  :  muminus_TRACK_CHI2NDOF:  +0.000
--- Factory                  : ----------------
--- Factory                  : 
--- Factory                  : Correlations between input variables and MVA response (background):
--- Factory                  : ----------------
--- Factory                  :                              BDT
--- Factory                  :                   B0_PT:  +0.203
--- Factory                  :         B0_IPCHI2_OWNPV:  +0.000
--- Factory                  :         B0_FDCHI2_OWNPV:  +0.012
--- Factory                  :           B0_DIRA_OWNPV:  +0.000
--- Factory                  :       B0_ENDVERTEX_CHI2:  -0.458
--- Factory                  :      Kplus_IPCHI2_OWNPV:  +0.124
--- Factory                  :     Kminus_IPCHI2_OWNPV:  +0.131
--- Factory                  :    muminus_IPCHI2_OWNPV:  +0.065
--- Factory                  :     muplus_IPCHI2_OWNPV:  +0.057
--- Factory                  :              Kplus_PIDK:  +0.449
--- Factory                  :             Kminus_PIDK:  +0.459
--- Factory                  :           muminus_PIDmu:  +0.000
--- Factory                  :            muplus_PIDmu:  +0.000
--- Factory                  :               Kminus_PT:  +0.240
--- Factory                  :                Kplus_PT:  +0.253
--- Factory                  :                    B0_P:  +0.037
--- Factory                  :                 Kplus_P:  +0.164
--- Factory                  :                Kminus_P:  +0.162
--- Factory                  :             phi_1020_PT:  +0.300
--- Factory                  :              phi_1020_P:  +0.210
--- Factory                  : phi_1020_ENDVERTEX_CHI2:  +0.000
--- Factory                  :              Kplus_PIDp:  +0.392
--- Factory                  :             Kminus_PIDp:  +0.402
--- Factory                  :    Kplus_TRACK_CHI2NDOF:  +0.000
--- Factory                  :   Kminus_TRACK_CHI2NDOF:  +0.000
--- Factory                  :   muplus_TRACK_CHI2NDOF:  +0.000
--- Factory                  :  muminus_TRACK_CHI2NDOF:  +0.000
--- Factory                  : ----------------
--- Factory                  : 
--- Factory                  : The following "overlap" matrices contain the fraction of events for which 
--- Factory                  : the MVAs 'i' and 'j' have returned conform answers about "signal-likeness"
--- Factory                  : An event is signal-like, if its MVA output exceeds the following value:
--- Factory                  : --------------------
--- Factory                  :  Method:  Cut value:
--- Factory                  : --------------------
--- Factory                  :     BDT:     +0.004
--- Factory                  : --------------------
--- Factory                  : which correspond to the working point: eff(signal) = 1 - eff(background)
--- Factory                  : 
--- Factory                  : Evaluation results ranked by best signal efficiency and purity (area)
--- Factory                  : --------------------------------------------------------------------------------
--- Factory                  : MVA              Signal efficiency at bkg eff.(error):       | Sepa-    Signifi- 
--- Factory                  : Method:          @B=0.01    @B=0.10    @B=0.30    ROC-integ. | ration:  cance:   
--- Factory                  : --------------------------------------------------------------------------------
--- Factory                  : BDT            : 0.956(00)  1.000(00)  1.000(00)    0.998    | 0.938    3.182
--- Factory                  : --------------------------------------------------------------------------------
--- Factory                  : 
--- Factory                  : Testing efficiency compared to training efficiency (overtraining check)
--- Factory                  : --------------------------------------------------------------------------------
--- Factory                  : MVA              Signal efficiency: from test sample (from training sample) 
--- Factory                  : Method:          @B=0.01             @B=0.10            @B=0.30   
--- Factory                  : --------------------------------------------------------------------------------
--- Factory                  : BDT            : 0.956 (0.956)       1.000 (1.000)      1.000 (1.000)
--- Factory                  : --------------------------------------------------------------------------------
--- Factory                  : 
--- Dataset:Default          : Created tree 'TestTree' with 547978 events
--- Dataset:Default          : Created tree 'TrainTree' with 547978 events
--- Factory                  :   
--- Factory                  : [1mThank you for using TMVA![0m
--- Factory                  : [1mFor citation information, please visit: http://tmva.sf.net/citeTMVA.html[0m
